# JRE version: Java(TM) SE Runtime Environment (8.0_60-b27) (build 1.8.0_60-b27)
# Java VM: Java HotSpot(TM) 64-Bit Server VM (25.60-b23 mixed mode windows-amd64 compressed oops)
Heap:
 PSYoungGen      total 34816K, used 9240K [0x00000000eab00000, 0x00000000ed180000, 0x0000000100000000)
  eden space 30208K, 15% used [0x00000000eab00000,0x00000000eaf86f00,0x00000000ec880000)
  from space 4608K, 99% used [0x00000000ecd00000,0x00000000ed17f458,0x00000000ed180000)
  to   space 4608K, 0% used [0x00000000ec880000,0x00000000ec880000,0x00000000ecd00000)
 ParOldGen       total 53760K, used 1194K [0x00000000c0000000, 0x00000000c3480000, 0x00000000eab00000)
  object space 53760K, 2% used [0x00000000c0000000,0x00000000c012a860,0x00000000c3480000)
 Metaspace       used 5979K, capacity 6896K, committed 7040K, reserved 1060864K
  class space    used 602K, capacity 616K, committed 640K, reserved 1048576K
GC Heap History (6 events):
Event: 0.125 GC heap before
{Heap before GC invocations=1 (full 0):
 PSYoungGen      total 34816K, used 1812K [0x00000000eab00000, 0x00000000ed180000, 0x0000000100000000)
  eden space 30208K, 6% used [0x00000000eab00000,0x00000000eacc52b8,0x00000000ec880000)
  from space 4608K, 0% used [0x00000000ecd00000,0x00000000ecd00000,0x00000000ed180000)
  to   space 4608K, 0% used [0x00000000ec880000,0x00000000ec880000,0x00000000ecd00000)
 ParOldGen       total 79360K, used 0K [0x00000000c0000000, 0x00000000c4d80000, 0x00000000eab00000)
  object space 79360K, 0% used [0x00000000c0000000,0x00000000c0000000,0x00000000c4d80000)
 Metaspace       used 2771K, capacity 4482K, committed 4608K, reserved 1062912K
  class space    used 300K, capacity 386K, committed 512K, reserved 1048576K
Event: 0.127 GC heap after
Heap after GC invocations=1 (full 0):
 PSYoungGen      total 34816K, used 416K [0x00000000eab00000, 0x00000000ed180000, 0x0000000100000000)
  eden space 30208K, 0% used [0x00000000eab00000,0x00000000eab00000,0x00000000ec880000)
  from space 4608K, 9% used [0x00000000ec880000,0x00000000ec8e8020,0x00000000ecd00000)
  to   space 4608K, 0% used [0x00000000ecd00000,0x00000000ecd00000,0x00000000ed180000)
 ParOldGen       total 79360K, used 8K [0x00000000c0000000, 0x00000000c4d80000, 0x00000000eab00000)
  object space 79360K, 0% used [0x00000000c0000000,0x00000000c0002000,0x00000000c4d80000)
 Metaspace       used 2771K, capacity 4482K, committed 4608K, reserved 1062912K
  class space    used 300K, capacity 386K, committed 512K, reserved 1048576K
}
Event: 0.127 GC heap before
{Heap before GC invocations=2 (full 1):
 PSYoungGen      total 34816K, used 416K [0x00000000eab00000, 0x00000000ed180000, 0x0000000100000000)
  eden space 30208K, 0% used [0x00000000eab00000,0x00000000eab00000,0x00000000ec880000)
  from space 4608K, 9% used [0x00000000ec880000,0x00000000ec8e8020,0x00000000ecd00000)
  to   space 4608K, 0% used [0x00000000ecd00000,0x00000000ecd00000,0x00000000ed180000)
 ParOldGen       total 79360K, used 8K [0x00000000c0000000, 0x00000000c4d80000, 0x00000000eab00000)
  object space 79360K, 0% used [0x00000000c0000000,0x00000000c0002000,0x00000000c4d80000)
 Metaspace       used 2771K, capacity 4482K, committed 4608K, reserved 1062912K
  class space    used 300K, capacity 386K, committed 512K, reserved 1048576K
Event: 0.136 GC heap after
Heap after GC invocations=2 (full 1):
 PSYoungGen      total 34816K, used 0K [0x00000000eab00000, 0x00000000ed180000, 0x0000000100000000)
  eden space 30208K, 0% used [0x00000000eab00000,0x00000000eab00000,0x00000000ec880000)
  from space 4608K, 0% used [0x00000000ec880000,0x00000000ec880000,0x00000000ecd00000)
  to   space 4608K, 0% used [0x00000000ecd00000,0x00000000ecd00000,0x00000000ed180000)
 ParOldGen       total 53760K, used 307K [0x00000000c0000000, 0x00000000c3480000, 0x00000000eab00000)
  object space 53760K, 0% used [0x00000000c0000000,0x00000000c004cea8,0x00000000c3480000)
 Metaspace       used 2771K, capacity 4482K, committed 4608K, reserved 1058816K
  class space    used 300K, capacity 386K, committed 512K, reserved 1048576K
}
Event: 2.128 GC heap before
{Heap before GC invocations=3 (full 1):
 PSYoungGen      total 34816K, used 30208K [0x00000000eab00000, 0x00000000ed180000, 0x0000000100000000)
  eden space 30208K, 100% used [0x00000000eab00000,0x00000000ec880000,0x00000000ec880000)
  from space 4608K, 0% used [0x00000000ec880000,0x00000000ec880000,0x00000000ecd00000)
  to   space 4608K, 0% used [0x00000000ecd00000,0x00000000ecd00000,0x00000000ed180000)
 ParOldGen       total 53760K, used 307K [0x00000000c0000000, 0x00000000c3480000, 0x00000000eab00000)
  object space 53760K, 0% used [0x00000000c0000000,0x00000000c004cea8,0x00000000c3480000)
 Metaspace       used 5959K, capacity 6896K, committed 7040K, reserved 1060864K
  class space    used 602K, capacity 616K, committed 640K, reserved 1048576K
Event: 2.136 GC heap after
Heap after GC invocations=3 (full 1):
 PSYoungGen      total 34816K, used 4605K [0x00000000eab00000, 0x00000000ed180000, 0x0000000100000000)
  eden space 30208K, 0% used [0x00000000eab00000,0x00000000eab00000,0x00000000ec880000)
  from space 4608K, 99% used [0x00000000ecd00000,0x00000000ed17f458,0x00000000ed180000)
  to   space 4608K, 0% used [0x00000000ec880000,0x00000000ec880000,0x00000000ecd00000)
 ParOldGen       total 53760K, used 1194K [0x00000000c0000000, 0x00000000c3480000, 0x00000000eab00000)
  object space 53760K, 2% used [0x00000000c0000000,0x00000000c012a860,0x00000000c3480000)
 Metaspace       used 5959K, capacity 6896K, committed 7040K, reserved 1060864K
  class space    used 602K, capacity 616K, committed 640K, reserved 1048576K
}

