# JRE version: Java(TM) SE Runtime Environment (8.0_60-b27) (build 1.8.0_60-b27)
# Java VM: Java HotSpot(TM) 64-Bit Server VM (25.60-b23 mixed mode windows-amd64 compressed oops)
Heap:
 PSYoungGen      total 34816K, used 17248K [0x00000000eab00000, 0x00000000ede00000, 0x0000000100000000)
  eden space 30208K, 41% used [0x00000000eab00000,0x00000000eb7581d0,0x00000000ec880000)
  from space 4608K, 100% used [0x00000000ec880000,0x00000000ecd00000,0x00000000ecd00000)
  to   space 4608K, 0% used [0x00000000ed980000,0x00000000ed980000,0x00000000ede00000)
 ParOldGen       total 58368K, used 7694K [0x00000000c0000000, 0x00000000c3900000, 0x00000000eab00000)
  object space 58368K, 13% used [0x00000000c0000000,0x00000000c0783b80,0x00000000c3900000)
 Metaspace       used 6217K, capacity 7088K, committed 7296K, reserved 1058816K
  class space    used 602K, capacity 616K, committed 640K, reserved 1048576K
GC Heap History (8 events):
Event: 1.013 GC heap before
{Heap before GC invocations=1 (full 0):
 PSYoungGen      total 34816K, used 30208K [0x00000000eab00000, 0x00000000ed180000, 0x0000000100000000)
  eden space 30208K, 100% used [0x00000000eab00000,0x00000000ec880000,0x00000000ec880000)
  from space 4608K, 0% used [0x00000000ecd00000,0x00000000ecd00000,0x00000000ed180000)
  to   space 4608K, 0% used [0x00000000ec880000,0x00000000ec880000,0x00000000ecd00000)
 ParOldGen       total 79360K, used 559K [0x00000000c0000000, 0x00000000c4d80000, 0x00000000eab00000)
  object space 79360K, 0% used [0x00000000c0000000,0x00000000c008bd90,0x00000000c4d80000)
 Metaspace       used 5881K, capacity 6768K, committed 7040K, reserved 1056768K
  class space    used 595K, capacity 616K, committed 640K, reserved 1048576K
Event: 1.021 GC heap after
Heap after GC invocations=1 (full 0):
 PSYoungGen      total 34816K, used 4590K [0x00000000eab00000, 0x00000000ed180000, 0x0000000100000000)
  eden space 30208K, 0% used [0x00000000eab00000,0x00000000eab00000,0x00000000ec880000)
  from space 4608K, 99% used [0x00000000ec880000,0x00000000eccfb9c8,0x00000000ecd00000)
  to   space 4608K, 0% used [0x00000000ecd00000,0x00000000ecd00000,0x00000000ed180000)
 ParOldGen       total 79360K, used 1274K [0x00000000c0000000, 0x00000000c4d80000, 0x00000000eab00000)
  object space 79360K, 1% used [0x00000000c0000000,0x00000000c013ea00,0x00000000c4d80000)
 Metaspace       used 5881K, capacity 6768K, committed 7040K, reserved 1056768K
  class space    used 595K, capacity 616K, committed 640K, reserved 1048576K
}
Event: 1.173 GC heap before
{Heap before GC invocations=2 (full 0):
 PSYoungGen      total 34816K, used 32765K [0x00000000eab00000, 0x00000000ed180000, 0x0000000100000000)
  eden space 30208K, 93% used [0x00000000eab00000,0x00000000ec683d00,0x00000000ec880000)
  from space 4608K, 99% used [0x00000000ec880000,0x00000000eccfb9c8,0x00000000ecd00000)
  to   space 4608K, 0% used [0x00000000ecd00000,0x00000000ecd00000,0x00000000ed180000)
 ParOldGen       total 79360K, used 1274K [0x00000000c0000000, 0x00000000c4d80000, 0x00000000eab00000)
  object space 79360K, 1% used [0x00000000c0000000,0x00000000c013ea00,0x00000000c4d80000)
 Metaspace       used 6094K, capacity 6960K, committed 7040K, reserved 1060864K
  class space    used 600K, capacity 616K, committed 640K, reserved 1048576K
Event: 1.192 GC heap after
Heap after GC invocations=2 (full 0):
 PSYoungGen      total 34816K, used 4599K [0x00000000eab00000, 0x00000000ed180000, 0x0000000100000000)
  eden space 30208K, 0% used [0x00000000eab00000,0x00000000eab00000,0x00000000ec880000)
  from space 4608K, 99% used [0x00000000ecd00000,0x00000000ed17dc88,0x00000000ed180000)
  to   space 4608K, 0% used [0x00000000ec880000,0x00000000ec880000,0x00000000ecd00000)
 ParOldGen       total 79360K, used 4390K [0x00000000c0000000, 0x00000000c4d80000, 0x00000000eab00000)
  object space 79360K, 5% used [0x00000000c0000000,0x00000000c0449970,0x00000000c4d80000)
 Metaspace       used 6094K, capacity 6960K, committed 7040K, reserved 1060864K
  class space    used 600K, capacity 616K, committed 640K, reserved 1048576K
}
Event: 1.192 GC heap before
{Heap before GC invocations=3 (full 1):
 PSYoungGen      total 34816K, used 4599K [0x00000000eab00000, 0x00000000ed180000, 0x0000000100000000)
  eden space 30208K, 0% used [0x00000000eab00000,0x00000000eab00000,0x00000000ec880000)
  from space 4608K, 99% used [0x00000000ecd00000,0x00000000ed17dc88,0x00000000ed180000)
  to   space 4608K, 0% used [0x00000000ec880000,0x00000000ec880000,0x00000000ecd00000)
 ParOldGen       total 79360K, used 4390K [0x00000000c0000000, 0x00000000c4d80000, 0x00000000eab00000)
  object space 79360K, 5% used [0x00000000c0000000,0x00000000c0449970,0x00000000c4d80000)
 Metaspace       used 6094K, capacity 6960K, committed 7040K, reserved 1060864K
  class space    used 600K, capacity 616K, committed 640K, reserved 1048576K
Event: 1.276 GC heap after
Heap after GC invocations=3 (full 1):
 PSYoungGen      total 34816K, used 0K [0x00000000eab00000, 0x00000000ed180000, 0x0000000100000000)
  eden space 30208K, 0% used [0x00000000eab00000,0x00000000eab00000,0x00000000ec880000)
  from space 4608K, 0% used [0x00000000ecd00000,0x00000000ecd00000,0x00000000ed180000)
  to   space 4608K, 0% used [0x00000000ec880000,0x00000000ec880000,0x00000000ecd00000)
 ParOldGen       total 58368K, used 7565K [0x00000000c0000000, 0x00000000c3900000, 0x00000000eab00000)
  object space 58368K, 12% used [0x00000000c0000000,0x00000000c07637f8,0x00000000c3900000)
 Metaspace       used 6094K, capacity 6960K, committed 7040K, reserved 1058816K
  class space    used 600K, capacity 616K, committed 640K, reserved 1048576K
}
Event: 1.449 GC heap before
{Heap before GC invocations=4 (full 1):
 PSYoungGen      total 34816K, used 30208K [0x00000000eab00000, 0x00000000ed180000, 0x0000000100000000)
  eden space 30208K, 100% used [0x00000000eab00000,0x00000000ec880000,0x00000000ec880000)
  from space 4608K, 0% used [0x00000000ecd00000,0x00000000ecd00000,0x00000000ed180000)
  to   space 4608K, 0% used [0x00000000ec880000,0x00000000ec880000,0x00000000ecd00000)
 ParOldGen       total 58368K, used 7568K [0x00000000c0000000, 0x00000000c3900000, 0x00000000eab00000)
  object space 58368K, 12% used [0x00000000c0000000,0x00000000c07643a8,0x00000000c3900000)
 Metaspace       used 6163K, capacity 7024K, committed 7296K, reserved 1058816K
  class space    used 602K, capacity 616K, committed 640K, reserved 1048576K
Event: 1.455 GC heap after
Heap after GC invocations=4 (full 1):
 PSYoungGen      total 34816K, used 4608K [0x00000000eab00000, 0x00000000ede00000, 0x0000000100000000)
  eden space 30208K, 0% used [0x00000000eab00000,0x00000000eab00000,0x00000000ec880000)
  from space 4608K, 100% used [0x00000000ec880000,0x00000000ecd00000,0x00000000ecd00000)
  to   space 4608K, 0% used [0x00000000ed980000,0x00000000ed980000,0x00000000ede00000)
 ParOldGen       total 58368K, used 7694K [0x00000000c0000000, 0x00000000c3900000, 0x00000000eab00000)
  object space 58368K, 13% used [0x00000000c0000000,0x00000000c0783b80,0x00000000c3900000)
 Metaspace       used 6163K, capacity 7024K, committed 7296K, reserved 1058816K
  class space    used 602K, capacity 616K, committed 640K, reserved 1048576K
}

